<?xml version="1.0" encoding="UTF-8"?>
<!-- Generated by org.testng.reporters.JUnitReportReporter -->
<testsuite hostname="Ricardos-MacBook-Pro.local" failures="0" tests="1" name="com.opensource.qa.TC001_Validate_User_Admin" time="5.482" errors="0" timestamp="17 Nov 2021 02:18:08 GMT" skipped="0">
  <testcase classname="com.opensource.qa.TC001_Validate_User_Admin" name="tc002" time="5.482"/>
</testsuite> <!-- com.opensource.qa.TC001_Validate_User_Admin -->
