<?xml version="1.0" encoding="UTF-8"?>
<!-- Generated by org.testng.reporters.JUnitReportReporter -->
<testsuite hostname="Ricardos-MacBook-Pro.local" failures="0" tests="1" name="com.google.GoogleTest" time="5.491" errors="0" timestamp="09 Nov 2021 01:57:07 GMT" skipped="0">
  <testcase classname="com.google.GoogleTest" name="f" time="5.491"/>
</testsuite> <!-- com.google.GoogleTest -->
