<?xml version="1.0" encoding="UTF-8"?>
<!-- Generated by org.testng.reporters.JUnitReportReporter -->
<testsuite hostname="Ricardos-MacBook-Pro.local" failures="0" tests="1" name="com.opensource.qa.TC002_Validate_Invalid_Password" time="3.951" errors="0" timestamp="19 Nov 2021 03:08:46 GMT" skipped="0">
  <testcase classname="com.opensource.qa.TC002_Validate_Invalid_Password" name="tc002" time="3.951"/>
</testsuite> <!-- com.opensource.qa.TC002_Validate_Invalid_Password -->
