<?xml version="1.0" encoding="UTF-8"?>
<!-- Generated by org.testng.reporters.JUnitReportReporter -->
<testsuite hostname="Ricardos-MacBook-Pro.local" failures="0" tests="1" name="com.opensource.qa.TC003" time="0.006" errors="0" timestamp="24 Nov 2021 03:18:20 GMT" skipped="0">
  <testcase classname="com.opensource.qa.TC003" name="tc003" time="0.006"/>
</testsuite> <!-- com.opensource.qa.TC003 -->
