<?xml version="1.0" encoding="UTF-8"?>
<!-- Generated by org.testng.reporters.JUnitReportReporter -->
<testsuite hostname="Ricardos-MacBook-Pro.local" failures="0" tests="1" name="com.google.GoogleTest" time="7.801" errors="0" timestamp="09 Nov 2021 01:49:01 GMT" skipped="0">
  <testcase classname="com.google.GoogleTest" name="f" time="7.801"/>
</testsuite> <!-- com.google.GoogleTest -->
