<?xml version="1.0" encoding="UTF-8"?>
<!-- Generated by org.testng.reporters.JUnitReportReporter -->
<testsuite hostname="Ricardos-MacBook-Pro.local" failures="0" tests="1" name="com.opensource.qa.TC001_Validate_User_Admin_POM" time="9.217" errors="0" timestamp="01 Dec 2021 01:34:31 GMT" skipped="0">
  <testcase classname="com.opensource.qa.TC001_Validate_User_Admin_POM" name="tc001" time="9.217"/>
</testsuite> <!-- com.opensource.qa.TC001_Validate_User_Admin_POM -->
