<?xml version="1.0" encoding="UTF-8"?>
<!-- Generated by org.testng.reporters.JUnitReportReporter -->
<testsuite hostname="Ricardos-MacBook-Pro.local" failures="0" tests="1" name="com.opensource.qa.TC002_Validate_Invalid_Password" time="4.742" errors="0" timestamp="24 Nov 2021 03:18:20 GMT" skipped="0">
  <testcase classname="com.opensource.qa.TC002_Validate_Invalid_Password" name="tc002" time="4.742"/>
</testsuite> <!-- com.opensource.qa.TC002_Validate_Invalid_Password -->
