<?xml version="1.0" encoding="UTF-8"?>
<!-- Generated by org.testng.reporters.JUnitReportReporter -->
<testsuite hostname="Ricardos-MacBook-Pro.local" failures="0" tests="1" name="com.opensource.qa.TC001_Validate_User_Admin_POM" time="8.634" errors="0" timestamp="19 Nov 2021 03:12:01 GMT" skipped="0">
  <testcase classname="com.opensource.qa.TC001_Validate_User_Admin_POM" name="tc001" time="8.634"/>
</testsuite> <!-- com.opensource.qa.TC001_Validate_User_Admin_POM -->
