<?xml version="1.0" encoding="UTF-8"?>
<!-- Generated by org.testng.reporters.JUnitReportReporter -->
<testsuite hostname="Ricardos-MacBook-Pro.local" failures="0" tests="1" name="com.opensource.qa.TC002_Validate_Invalid_Password" time="6.505" errors="0" timestamp="26 Nov 2021 02:02:08 GMT" skipped="0">
  <testcase classname="com.opensource.qa.TC002_Validate_Invalid_Password" name="tc002" time="6.505"/>
</testsuite> <!-- com.opensource.qa.TC002_Validate_Invalid_Password -->
